yi@yi-Inspiron-5437:~/codes/python$ ./prog5-yxue2.py
Please enter your origin : (e.g.  30 Main Street, New Haven CT)
333 cedar st, new haven ct
Please enter your destination : 
300 boston post rd, west haven ct
Please enter your choice of map service:   1 for google, 2 for mapquest, 3 for both 
3

Driving direction from Google map : 

Head north on Cedar St toward York St ( 364 ft )
Turn right onto York St ( 0.1 mi )
Turn left onto N Frontage Rd/M.L.K. Jr. Blvd
Continue to follow N Frontage Rd ( 1.0 mi )
Turn left onto Ella T Grasso Blvd ( 0.7 mi )
Turn right onto Boston Post Rd
Destination will be on the right ( 0.9 mi )

Driving direction from Maprequest : 

Start out going northwest on Cedar St toward York St. ( 0.074  miles)
Turn right onto York St. ( 0.126  miles)
Turn left onto N Frontage Rd/CT-34. ( 1.021  miles)
Turn left onto Ella T Grasso Blvd/CT-10/CT-34. Continue to follow Ella T Grasso Blvd/CT-10. ( 0.658  miles)
Turn right onto Orange Ave/US-1 S. Continue to follow US-1 S. ( 0.778  miles)
300 BOSTON POST RD is on the left. ( 0  miles)

